<?xml version="1.0" encoding="UTF-8"?>
<testng-results skipped="0" failed="0" ignored="0" total="7" passed="7">
  <reporter-output>
  </reporter-output>
  <suite name="使用者管理系统測試套件" duration-ms="27463" started-at="2019-12-01T13:08:10Z" finished-at="2019-12-01T13:08:37Z">
    <groups>
      <group name="loginTrue">
        <method signature="LoginTest.loginTrue()[pri:0, instance:com.course.cases.LoginTest@2a5ca609]" name="loginTrue" class="com.course.cases.LoginTest"/>
      </group> <!-- loginTrue -->
      <group name="loginFalse">
        <method signature="LoginTest.loginFalse()[pri:0, instance:com.course.cases.LoginTest@2a5ca609]" name="loginFalse" class="com.course.cases.LoginTest"/>
      </group> <!-- loginFalse -->
    </groups>
    <test name="使用者管理系统測試案例" duration-ms="27463" started-at="2019-12-01T13:08:10Z" finished-at="2019-12-01T13:08:37Z">
      <class name="com.course.cases.UpdateUserInfoTest">
        <test-method status="PASS" signature="updateUserInfo()[pri:0, instance:com.course.cases.UpdateUserInfoTest@675d3402]" name="updateUserInfo" duration-ms="10136" depends-on-groups="loginTrue" started-at="2019-12-01T13:08:17Z" description="更改使用者訊息" finished-at="2019-12-01T13:08:27Z">
          <reporter-output>
          </reporter-output>
        </test-method> <!-- updateUserInfo -->
        <test-method status="PASS" signature="deleteUser()[pri:0, instance:com.course.cases.UpdateUserInfoTest@675d3402]" name="deleteUser" duration-ms="10090" depends-on-groups="loginTrue" started-at="2019-12-01T13:08:27Z" description="删除用户信息" finished-at="2019-12-01T13:08:37Z">
          <reporter-output>
          </reporter-output>
        </test-method> <!-- deleteUser -->
      </class> <!-- com.course.cases.UpdateUserInfoTest -->
      <class name="com.course.cases.GetUserInfoTest">
        <test-method status="PASS" signature="getUserInfo()[pri:0, instance:com.course.cases.GetUserInfoTest@20e2cbe0]" name="getUserInfo" duration-ms="106" depends-on-groups="loginTrue" started-at="2019-12-01T13:08:12Z" description="取得userId為1的使用者資訊" finished-at="2019-12-01T13:08:12Z">
          <reporter-output>
          </reporter-output>
        </test-method> <!-- getUserInfo -->
      </class> <!-- com.course.cases.GetUserInfoTest -->
      <class name="com.course.cases.LoginTest">
        <test-method status="PASS" signature="beforeTest()[pri:0, instance:com.course.cases.LoginTest@2a5ca609]" name="beforeTest" is-config="true" duration-ms="1074" started-at="2019-12-01T13:08:10Z" description="測試準備工作，取得HttpClient對象" finished-at="2019-12-01T13:08:11Z">
          <reporter-output>
          </reporter-output>
        </test-method> <!-- beforeTest -->
        <test-method status="PASS" signature="loginTrue()[pri:0, instance:com.course.cases.LoginTest@2a5ca609]" name="loginTrue" duration-ms="619" started-at="2019-12-01T13:08:11Z" description="用户登陆成功接口测试" finished-at="2019-12-01T13:08:11Z">
          <reporter-output>
          </reporter-output>
        </test-method> <!-- loginTrue -->
        <test-method status="PASS" signature="loginFalse()[pri:0, instance:com.course.cases.LoginTest@2a5ca609]" name="loginFalse" duration-ms="195" started-at="2019-12-01T13:08:11Z" description="用户登陆失败接口测试" finished-at="2019-12-01T13:08:12Z">
          <reporter-output>
          </reporter-output>
        </test-method> <!-- loginFalse -->
      </class> <!-- com.course.cases.LoginTest -->
      <class name="com.course.cases.GetUserInfoListTest">
        <test-method status="PASS" signature="getUserListInfo()[pri:0, instance:com.course.cases.GetUserInfoListTest@68be2bc2]" name="getUserListInfo" duration-ms="121" depends-on-groups="loginTrue" started-at="2019-12-01T13:08:12Z" description="取得性別為男的使用者資訊" finished-at="2019-12-01T13:08:12Z">
          <reporter-output>
          </reporter-output>
        </test-method> <!-- getUserListInfo -->
      </class> <!-- com.course.cases.GetUserInfoListTest -->
      <class name="com.course.cases.AddUserTest">
        <test-method status="PASS" signature="addUser()[pri:0, instance:com.course.cases.AddUserTest@28feb3fa]" name="addUser" duration-ms="5102" depends-on-groups="loginTrue" started-at="2019-12-01T13:08:12Z" description="添加用户接口测试" finished-at="2019-12-01T13:08:17Z">
          <reporter-output>
          </reporter-output>
        </test-method> <!-- addUser -->
      </class> <!-- com.course.cases.AddUserTest -->
    </test> <!-- 使用者管理系统測試案例 -->
  </suite> <!-- 使用者管理系统測試套件 -->
</testng-results>
