<?xml version="1.0" encoding="UTF-8"?>
<!-- Generated by org.testng.reporters.JUnitXMLReporter -->
<testsuite hostname="DESKTOP-KOTIN4N" ignored="0" name="使用者管理系统測試案例" tests="7" failures="0" timestamp="01 十二月 2019 13:08:37 GMT" time="27.463" errors="0">
  <testcase name="loginTrue" time="0.619" classname="com.course.cases.LoginTest"/>
  <testcase name="loginFalse" time="0.195" classname="com.course.cases.LoginTest"/>
  <testcase name="getUserInfo" time="0.106" classname="com.course.cases.GetUserInfoTest"/>
  <testcase name="getUserListInfo" time="0.121" classname="com.course.cases.GetUserInfoListTest"/>
  <testcase name="addUser" time="5.102" classname="com.course.cases.AddUserTest"/>
  <testcase name="updateUserInfo" time="10.136" classname="com.course.cases.UpdateUserInfoTest"/>
  <testcase name="deleteUser" time="10.09" classname="com.course.cases.UpdateUserInfoTest"/>
</testsuite> <!-- 使用者管理系统測試案例 -->
